<?xml version="1.0" encoding="UTF-8"?>
<!-- Generated by org.testng.reporters.JUnitReportReporter -->
<testsuite hostname="LAPTOP-4O5F9R05" failures="0" tests="1" name="lumaLoginPkg.NewTest" time="138.418" errors="0" timestamp="2024-11-28T18:08:56 IST" skipped="0">
  <testcase classname="lumaLoginPkg.NewTest" name="LoginToPage" time="138.418"/>
  <system-out/>
</testsuite> <!-- lumaLoginPkg.NewTest -->
